[12:28:37.627] [INFO] This command is running via an AI agent: kiro. Proceeding with agentic installation flow.
[12:28:37.634] [INFO] Initializing Storybook
[12:28:37.638] [DEBUG] Getting package.json info for /Volumes/Code/Warp12/package.json...
[12:28:37.638] [INFO] Package manager: Yarn Berry
[12:28:37.639] [DEBUG] Getting CLI versions from NPM for storybook...
[12:28:37.639] [DEBUG] Executing command: yarn npm info storybook --fields version --json
[12:28:38.538] [INFO] Adding Storybook version 10.5.0 to your project
[12:28:38.538] [DEBUG] Executing command: yarn config get npmMinimalAgeGate
[12:28:38.763] [DEBUG] Executing command: yarn config get npmPreapprovedPackages
[12:28:38.875] [DEBUG] Executing command: yarn npm info storybook --fields time --json
[12:28:39.563] [ERROR] [38;2;241;97;97mSB_CLI_INIT_0001 (NxProjectDetectedError): We have detected Nx in your project. Nx has its own Storybook initializer, so please use it instead.
Run "nx g @nx/storybook:configuration <your-project-name>" to add Storybook to a given Nx app or lib.

More info: https://nx.dev/nx-api/storybook#generating-storybook-configuration
[39m
    at ProjectTypeService.autoDetectProjectType (file:///private/var/folders/s1/v5qk06h56m9fyldr6mkt184w0000gn/T/xfs-90783945/dlx-18904/node_modules/create-storybook/dist/_node-chunks/chunk-VJJQPIQC.js:867:15)
    at async ProjectDetectionCommand.execute (file:///private/var/folders/s1/v5qk06h56m9fyldr6mkt184w0000gn/T/xfs-90783945/dlx-18904/node_modules/create-storybook/dist/_node-chunks/chunk-VJJQPIQC.js:949:22)
    at async doInitiate (file:///private/var/folders/s1/v5qk06h56m9fyldr6mkt184w0000gn/T/xfs-90783945/dlx-18904/node_modules/create-storybook/dist/_node-chunks/chunk-VJJQPIQC.js:3692:159)
    at async file:///private/var/folders/s1/v5qk06h56m9fyldr6mkt184w0000gn/T/xfs-90783945/dlx-18904/node_modules/create-storybook/dist/_node-chunks/chunk-VJJQPIQC.js:3775:20
    at async withTelemetry (file:///private/var/folders/s1/v5qk06h56m9fyldr6mkt184w0000gn/T/xfs-90783945/dlx-18904/node_modules/storybook/dist/_node-chunks/chunk-YXP5YOPH.js:1785:12)
    at async initiate (file:///private/var/folders/s1/v5qk06h56m9fyldr6mkt184w0000gn/T/xfs-90783945/dlx-18904/node_modules/create-storybook/dist/_node-chunks/chunk-VJJQPIQC.js:3766:24)
    at async _Command.<anonymous> (file:///private/var/folders/s1/v5qk06h56m9fyldr6mkt184w0000gn/T/xfs-90783945/dlx-18904/node_modules/create-storybook/dist/_node-chunks/run-7ZAWWBC6.js:2717:3)
[12:28:39.567] [INFO] Storybook collects completely anonymous usage telemetry. We use it to shape Storybook's roadmap and prioritize features. You can learn more, including how to opt out, at https://storybook.js.org/telemetry