\BOOKMARK [3][-]{subsubsection.0.0.1}{\376\377\000W\000a\000r\000p\000\040\000v\000s\000\040\000W\000a\000r\000p\000\040\0001\0002}{}% 1
\BOOKMARK [3][-]{subsubsection.0.0.2}{\376\377\000A\000\040\000n\000o\000t\000e\000\040\000o\000n\000\040\000"\000o\000f\000f\000i\000c\000i\000a\000l\000"\000\040\000r\000u\000l\000e\000s}{}% 2
\BOOKMARK [2][-]{subsection.0.1}{\376\377\000T\000h\000e\000\040\000C\000a\000p\000t\000a\000i\000n\000\047\000s\000\040\000O\000a\000t\000h\000\040\040\024\000\040\000H\000o\000n\000o\000r\000\040\000o\000f\000\040\000t\000h\000e\000\040\000F\000l\000e\000e\000t}{}% 3
\BOOKMARK [2][-]{subsection.0.2}{\376\377\000V\000i\000c\000t\000o\000r\000y\000\040\000c\000o\000n\000d\000i\000t\000i\000o\000n\000s}{}% 4
\BOOKMARK [2][-]{subsection.0.3}{\376\377\000I\000.\000\040\000O\000p\000e\000r\000a\000t\000i\000o\000n\000s\000\040\000l\000e\000x\000i\000c\000o\000n}{}% 5
\BOOKMARK [2][-]{subsection.0.4}{\376\377\000I\000I\000.\000\040\000M\000i\000s\000s\000i\000o\000n\000\040\000s\000e\000t\000u\000p}{}% 6
\BOOKMARK [3][-]{subsubsection.0.4.1}{\376\377\000E\000x\000h\000i\000b\000i\000t\000i\000o\000n\000\040\000s\000e\000t\000s\000\040\000\050\000d\000i\000g\000i\000t\000a\000l\000\040\040\024\000\040\000W\000a\000r\000p\000\040\0009\000\040\000/\000\040\0001\0005\000\040\000/\000\040\0001\0008\000\051}{subsection.0.4}% 7
\BOOKMARK [2][-]{subsection.0.5}{\376\377\000I\000I\000I\000.\000\040\000S\000t\000a\000n\000d\000a\000r\000d\000\040\000g\000a\000m\000e\000p\000l\000a\000y}{}% 8
\BOOKMARK [3][-]{subsubsection.0.5.1}{\376\377\000M\000u\000s\000t\000\040\000p\000l\000a\000y\000\040\000w\000h\000e\000n\000\040\000a\000b\000l\000e}{subsection.0.5}% 9
\BOOKMARK [3][-]{subsubsection.0.5.2}{\376\377\000E\000l\000i\000g\000i\000b\000l\000e\000\040\000r\000o\000u\000t\000e\000s}{subsection.0.5}% 10
\BOOKMARK [3][-]{subsubsection.0.5.3}{\376\377\000O\000p\000e\000n\000i\000n\000g\000\040\000t\000h\000e\000\040\000r\000o\000u\000n\000d}{subsection.0.5}% 11
\BOOKMARK [3][-]{subsubsection.0.5.4}{\376\377\000D\000r\000a\000w\000i\000n\000g\000\040\000f\000r\000o\000m\000\040\000U\000n\000c\000h\000a\000r\000t\000e\000d\000\040\000S\000e\000c\000t\000o\000r\000s}{subsection.0.5}% 12
\BOOKMARK [3][-]{subsubsection.0.5.5}{\376\377\000D\000i\000s\000t\000r\000e\000s\000s\000\040\000B\000e\000a\000c\000o\000n\000\040\000\050\000t\000r\000a\000i\000n\000\040\000m\000a\000r\000k\000e\000r\000\051}{subsection.0.5}% 13
\BOOKMARK [3][-]{subsubsection.0.5.6}{\376\377\000R\000e\000d\000\040\000A\000l\000e\000r\000t\000\040\000p\000a\000s\000s}{subsection.0.5}% 14
\BOOKMARK [2][-]{subsection.0.6}{\376\377\000I\000V\000.\000\040\000D\000o\000u\000b\000l\000e\000s\000\040\040\024\000\040\000R\000e\000d\000\040\000A\000l\000e\000r\000t\000\040\000p\000r\000o\000t\000o\000c\000o\000l}{}% 15
\BOOKMARK [3][-]{subsubsection.0.6.1}{\376\377\000Y\000e\000l\000l\000o\000w\000\040\000a\000l\000e\000r\000t\000\040\000a\000n\000d\000\040\000R\000e\000d\000\040\000A\000l\000e\000r\000t\000\040\000\050\000d\000i\000g\000i\000t\000a\000l\000\040\000s\000t\000a\000t\000u\000s\000\051}{subsection.0.6}% 16
\BOOKMARK [3][-]{subsubsection.0.6.2}{\376\377\000S\000u\000b\000s\000p\000a\000c\000e\000\040\000F\000r\000a\000c\000t\000u\000r\000e\000\040\000i\000n\000t\000e\000r\000a\000c\000t\000i\000o\000n\000\040\000\050\000S\000e\000c\000t\000i\000o\000n\000\040\000V\000I\000\040\040\024\000\040\000o\000p\000t\000-\000i\000n\000\051}{subsection.0.6}% 17
\BOOKMARK [2][-]{subsection.0.7}{\376\377\000V\000.\000\040\000E\000n\000d\000\040\000o\000f\000\040\000r\000o\000u\000n\000d\000\040\000a\000n\000d\000\040\000s\000c\000o\000r\000i\000n\000g}{}% 18
\BOOKMARK [3][-]{subsubsection.0.7.1}{\376\377\000W\000i\000n\000n\000i\000n\000g\000\040\000t\000h\000e\000\040\000r\000o\000u\000n\000d}{subsection.0.7}% 19
\BOOKMARK [3][-]{subsubsection.0.7.2}{\376\377\000B\000l\000o\000c\000k\000e\000d\000\040\000s\000e\000c\000t\000o\000r}{subsection.0.7}% 20
\BOOKMARK [3][-]{subsubsection.0.7.3}{\376\377\000R\000o\000u\000n\000d\000\040\000s\000c\000o\000r\000i\000n\000g\000\040\000\050\000p\000o\000i\000n\000t\000s\000\040\000c\000a\000m\000p\000a\000i\000g\000n\000\051}{subsection.0.7}% 21
\BOOKMARK [3][-]{subsubsection.0.7.4}{\376\377\000H\000o\000w\000\040\000t\000o\000\040\000t\000a\000l\000l\000y\000\040\000t\000h\000e\000\040\000s\000c\000o\000r\000e\000\040\000\050\000s\000t\000e\000p\000\040\000b\000y\000\040\000s\000t\000e\000p\000\051}{subsection.0.7}% 22
\BOOKMARK [2][-]{subsection.0.8}{\376\377\000V\000I\000.\000\040\000O\000p\000t\000i\000o\000n\000a\000l\000\040\000d\000i\000r\000e\000c\000t\000i\000v\000e\000s\000\040\000a\000n\000d\000\040\000v\000a\000r\000i\000a\000n\000t\000s}{}% 23
\BOOKMARK [3][-]{subsubsection.0.8.1}{\376\377\000O\000f\000f\000i\000c\000i\000a\000l\000\040\000W\000a\000r\000p\000\040\000r\000u\000l\000e\000s\000\040\000\050\000r\000e\000c\000o\000m\000m\000e\000n\000d\000e\000d\000\040\000p\000r\000e\000s\000e\000t\000\051}{subsection.0.8}% 24
\BOOKMARK [3][-]{subsubsection.0.8.2}{\376\377\000S\000u\000b\000s\000p\000a\000c\000e\000\040\000F\000r\000a\000c\000t\000u\000r\000e\000\040\000\050\000c\000h\000i\000c\000k\000e\000n\000\040\000f\000o\000o\000t\000\040\040\024\000\040\000o\000f\000f\000\040\000i\000n\000\040\000O\000f\000f\000i\000c\000i\000a\000l\000\040\000W\000a\000r\000p\000\040\000p\000r\000e\000s\000e\000t\000\051}{subsection.0.8}% 25
\BOOKMARK [3][-]{subsubsection.0.8.3}{\376\377\000H\000o\000u\000s\000e\000\040\000r\000u\000l\000e\000s\000\040\000\050\000D\000e\000l\000u\000x\000e\000-\000s\000t\000y\000l\000e\000\040\040\024\000\040\000o\000f\000f\000\040\000i\000n\000\040\000O\000f\000f\000i\000c\000i\000a\000l\000\040\000W\000a\000r\000p\000\040\000p\000r\000e\000s\000e\000t\000\051}{subsection.0.8}% 26
\BOOKMARK [3][-]{subsubsection.0.8.4}{\376\377\000M\000o\000d\000u\000l\000e\000\040\000A\000l\000p\000h\000a\000\040\040\024\000\040\000T\000h\000e\000\040\000C\000o\000n\000t\000i\000n\000u\000u\000m\000\040\000\050\000o\000n\000\040\000i\000n\000\040\000O\000f\000f\000i\000c\000i\000a\000l\000\040\000W\000a\000r\000p\000\040\000p\000r\000e\000s\000e\000t\000\051}{subsection.0.8}% 27
\BOOKMARK [3][-]{subsubsection.0.8.5}{\376\377\000M\000o\000d\000u\000l\000e\000\040\000B\000e\000t\000a\000\040\040\024\000\040\000T\000h\000e\000\040\000S\000a\000l\000a\000m\000a\000n\000d\000e\000r\000\040\000P\000e\000n\000a\000l\000t\000y\000\040\000\050\000o\000n\000\040\000i\000n\000\040\000O\000f\000f\000i\000c\000i\000a\000l\000\040\000W\000a\000r\000p\000\040\000p\000r\000e\000s\000e\000t\000\051}{subsection.0.8}% 28
\BOOKMARK [3][-]{subsubsection.0.8.6}{\376\377\000M\000o\000d\000u\000l\000e\000\040\000G\000a\000m\000m\000a\000\040\040\024\000\040\000L\000o\000n\000g\000-\000R\000a\000n\000g\000e\000\040\000S\000e\000n\000s\000o\000r\000\040\000S\000w\000e\000e\000p}{subsection.0.8}% 29
\BOOKMARK [2][-]{subsection.0.9}{\376\377\000M\000o\000d\000u\000l\000e\000\040\000D\000e\000l\000t\000a\000:\000\040\000H\000o\000t\000\040\000P\000o\000t\000a\000t\000o\000\040\000\050\000N\000e\000u\000t\000r\000a\000l\000\040\000Z\000o\000n\000e\000\040\000H\000a\000z\000a\000r\000d\000\051}{}% 30
\BOOKMARK [3][-]{subsubsection.0.9.1}{\376\377\000T\000h\000e\000\040\000H\000a\000z\000a\000r\000d\000\040\000M\000a\000r\000k\000e\000r\000\040\000\050\000H\000o\000t\000\040\000P\000o\000t\000a\000t\000o\000\051}{subsection.0.9}% 31
\BOOKMARK [3][-]{subsubsection.0.9.2}{\376\377\000S\000c\000o\000r\000i\000n\000g}{subsection.0.9}% 32
\BOOKMARK [3][-]{subsubsection.0.9.3}{\376\377\000M\000o\000d\000u\000l\000e\000\040\000T\000h\000e\000t\000a\000:\000\040\000L\000o\000n\000g\000e\000s\000t\000\040\000T\000r\000a\000i\000l\000\040\000B\000o\000n\000u\000s}{subsection.0.9}% 33
\BOOKMARK [3][-]{subsubsection.0.9.4}{\376\377\000M\000o\000d\000u\000l\000e\000\040\000I\000o\000t\000a\000:\000\040\000D\000o\000u\000b\000l\000e\000\040\000D\000o\000w\000n}{subsection.0.9}% 34
\BOOKMARK [3][-]{subsubsection.0.9.5}{\376\377\000M\000o\000d\000u\000l\000e\000\040\000K\000a\000p\000p\000a\000:\000\040\000T\000e\000m\000p\000o\000r\000a\000l\000\040\000I\000n\000v\000e\000r\000s\000i\000o\000n\000\040\000\050\000W\000a\000r\000p\000e\000d\000\040\040\024\000\040\000e\000x\000h\000i\000b\000i\000t\000i\000o\000n\000\040\000o\000n\000l\000y\000\051}{subsection.0.9}% 35
\BOOKMARK [3][-]{subsubsection.0.9.6}{\376\377\000M\000o\000d\000u\000l\000e\000\040\000L\000a\000m\000b\000d\000a\000:\000\040\000W\000o\000r\000m\000h\000o\000l\000e\000s\000\040\000\050\000W\000a\000r\000p\000e\000d\000\040\040\024\000\040\000e\000x\000h\000i\000b\000i\000t\000i\000o\000n\000\040\000o\000n\000l\000y\000\051}{subsection.0.9}% 36
\BOOKMARK [3][-]{subsubsection.0.9.7}{\376\377\000M\000o\000d\000u\000l\000e\000\040\000E\000p\000s\000i\000l\000o\000n\000\040\040\024\000\040\000T\000a\000c\000t\000i\000c\000a\000l\000\040\000R\000e\000q\000u\000i\000s\000i\000t\000i\000o\000n\000\040\000\050\000T\000h\000e\000\040\000C\000a\000p\000t\000a\000i\000n\000\047\000s\000\040\000D\000r\000a\000f\000t\000\051}{subsection.0.9}% 37
\BOOKMARK [3][-]{subsubsection.0.9.8}{\376\377\000M\000o\000d\000u\000l\000e\000\040\000Z\000e\000t\000a\000\040\040\024\000\040\000F\000l\000e\000e\000t\000\040\000S\000q\000u\000a\000d\000r\000o\000n\000s\000\040\000\050\000W\000a\000r\000p\000\040\000C\000r\000e\000w\000s\000\051}{subsection.0.9}% 38
\BOOKMARK [2][-]{subsection.0.10}{\376\377\000V\000I\000I\000.\000\040\000A\000I\000\040\000o\000f\000f\000i\000c\000e\000r\000s\000\040\000\046\000\040\000t\000a\000c\000t\000i\000c\000a\000l\000\040\000a\000d\000v\000i\000s\000o\000r\000\040\000\050\000d\000i\000g\000i\000t\000a\000l\000\051}{}% 39
\BOOKMARK [3][-]{subsubsection.0.10.1}{\376\377\000W\000h\000a\000t\000\040\000a\000n\000\040\000A\000I\000\040\000o\000f\000f\000i\000c\000e\000r\000\040\000c\000a\000n\000\040\000s\000e\000e}{subsection.0.10}% 40
\BOOKMARK [3][-]{subsubsection.0.10.2}{\376\377\000T\000a\000c\000t\000i\000c\000a\000l\000\040\000C\000l\000a\000s\000s\000\040\000\050\000I\000V\000\040\000/\000\040\000I\000I\000I\000\040\000/\000\040\000I\000I\000\051}{subsection.0.10}% 41
\BOOKMARK [3][-]{subsubsection.0.10.3}{\376\377\000L\000o\000o\000k\000a\000h\000e\000a\000d\000\040\000\050\000p\000e\000r\000-\000o\000f\000f\000i\000c\000e\000r\000\040\000o\000p\000t\000-\000i\000n\000\051}{subsection.0.10}% 42
\BOOKMARK [3][-]{subsubsection.0.10.4}{\376\377\000T\000a\000c\000t\000i\000c\000a\000l\000\040\000a\000d\000v\000i\000s\000o\000r}{subsection.0.10}% 43
\BOOKMARK [3][-]{subsubsection.0.10.5}{\376\377\003\251\000+\000\040\000e\000x\000t\000e\000n\000d\000e\000d\000\040\000t\000h\000i\000n\000k\000i\000n\000g\000\040\000\050\000p\000l\000a\000n\000n\000e\000d\000,\000\040\000e\000x\000h\000i\000b\000i\000t\000i\000o\000n\000\051}{subsection.0.10}% 44
\BOOKMARK [2][-]{subsection.0.11}{\376\377\000V\000I\000I\000I\000.\000\040\000T\000E\000I\000\040\000\046\000\040\000l\000e\000a\000d\000e\000r\000b\000o\000a\000r\000d\000\040\000\050\000d\000i\000g\000i\000t\000a\000l\000\051}{}% 45
\BOOKMARK [3][-]{subsubsection.0.11.1}{\376\377\000O\000n\000l\000i\000n\000e\000\040\000s\000e\000c\000t\000o\000r\000s\000\040\000\050\000h\000u\000m\000a\000n\000\040\000p\000o\000o\000l\000\051}{subsection.0.11}% 46
\BOOKMARK [3][-]{subsubsection.0.11.2}{\376\377\000C\000r\000e\000w\000s\000\040\000\046\000\040\000c\000h\000a\000r\000t\000e\000r\000s\000\040\000\050\000g\000r\000o\000u\000p\000\040\000T\000E\000I\000\051}{subsection.0.11}% 47
\BOOKMARK [3][-]{subsubsection.0.11.3}{\376\377\000L\000e\000x\000i\000c\000o\000n}{subsection.0.11}% 48
\BOOKMARK [3][-]{subsubsection.0.11.4}{\376\377\000T\000w\000o\000\040\000i\000n\000d\000e\000p\000e\000n\000d\000e\000n\000t\000\040\000t\000r\000a\000c\000k\000s}{subsection.0.11}% 49
\BOOKMARK [3][-]{subsubsection.0.11.5}{\376\377\000F\000e\000d\000e\000r\000a\000t\000i\000o\000n\000\040\000A\000c\000a\000d\000e\000m\000y\000\040\000p\000l\000a\000c\000e\000m\000e\000n\000t}{subsection.0.11}% 50
\BOOKMARK [3][-]{subsubsection.0.11.6}{\376\377\000F\000i\000x\000e\000d\000\040\000o\000p\000p\000o\000n\000e\000n\000t\000\040\000r\000e\000f\000e\000r\000e\000n\000c\000e\000\040\000T\000E\000I}{subsection.0.11}% 51
\BOOKMARK [3][-]{subsubsection.0.11.7}{\376\377\000H\000o\000w\000\040\000y\000o\000u\000r\000\040\000T\000E\000I\000\040\000m\000o\000v\000e\000s}{subsection.0.11}% 52
\BOOKMARK [3][-]{subsubsection.0.11.8}{\376\377\000S\000t\000a\000r\000t\000i\000n\000g\000\040\000T\000E\000I\000\040\000\050\000A\000c\000a\000d\000e\000m\000y\000\051}{subsection.0.11}% 53
\BOOKMARK [3][-]{subsubsection.0.11.9}{\376\377\000W\000h\000a\000t\000\040\000c\000o\000u\000n\000t\000s\000\040\000a\000s\000\040\000r\000a\000t\000e\000d}{subsection.0.11}% 54
\BOOKMARK [3][-]{subsubsection.0.11.10}{\376\377\000A\000f\000t\000e\000r\000\040\000t\000h\000e\000\040\000s\000e\000c\000t\000o\000r}{subsection.0.11}% 55
\BOOKMARK [2][-]{subsection.0.12}{\376\377\000I\000X\000.\000\040\000S\000u\000b\000s\000p\000a\000c\000e\000\040\000m\000e\000s\000s\000a\000g\000i\000n\000g\000\040\000\050\000d\000i\000g\000i\000t\000a\000l\000\040\040\024\000\040\000o\000n\000l\000i\000n\000e\000\040\000s\000e\000c\000t\000o\000r\000s\000\051}{}% 56
\BOOKMARK [3][-]{subsubsection.0.12.1}{\376\377\000C\000o\000m\000m\000s\000\040\000m\000o\000d\000e\000s}{subsection.0.12}% 57
\BOOKMARK [3][-]{subsubsection.0.12.2}{\376\377\000Q\000u\000i\000c\000k\000-\000p\000h\000r\000a\000s\000e\000\040\000h\000a\000i\000l\000s}{subsection.0.12}% 58
\BOOKMARK [3][-]{subsubsection.0.12.3}{\376\377\000F\000r\000e\000e\000-\000f\000o\000r\000m\000\040\000t\000e\000x\000t\000\040\000a\000n\000d\000\040\000D\000M\000s}{subsection.0.12}% 59
\BOOKMARK [3][-]{subsubsection.0.12.4}{\376\377\000M\000o\000d\000e\000r\000a\000t\000i\000o\000n}{subsection.0.12}% 60
\BOOKMARK [3][-]{subsubsection.0.12.5}{\376\377\000R\000a\000t\000e\000d\000\040\000s\000e\000c\000t\000o\000r\000\040\000t\000o\000g\000g\000l\000e}{subsection.0.12}% 61
\BOOKMARK [2][-]{subsection.0.13}{\376\377\000Q\000u\000i\000c\000k\000\040\000r\000e\000f\000e\000r\000e\000n\000c\000e\000\040\040\024\000\040\000s\000t\000a\000n\000d\000a\000r\000d\000\040\000v\000s\000\040\000W\000a\000r\000p\000\040\000e\000x\000t\000r\000a\000s}{}% 62
