\BOOKMARK [1][-]{section.1}{\376\377\000I\000n\000t\000r\000o\000d\000u\000c\000t\000i\000o\000n}{}% 1
\BOOKMARK [2][-]{subsection.1.1}{\376\377\000M\000e\000x\000i\000c\000a\000n\000\040\000T\000r\000a\000i\000n\000\040\000D\000o\000m\000i\000n\000o\000e\000s}{section.1}% 2
\BOOKMARK [2][-]{subsection.1.2}{\376\377\000W\000a\000r\000p\000\040\0001\0002\000:\000\040\000T\000e\000r\000m\000i\000n\000o\000l\000o\000g\000y\000\040\000a\000n\000d\000\040\000P\000r\000e\000s\000e\000n\000t\000a\000t\000i\000o\000n}{section.1}% 3
\BOOKMARK [2][-]{subsection.1.3}{\376\377\000M\000o\000t\000i\000v\000a\000t\000i\000o\000n}{section.1}% 4
\BOOKMARK [2][-]{subsection.1.4}{\376\377\000C\000o\000n\000t\000r\000i\000b\000u\000t\000i\000o\000n\000s}{section.1}% 5
\BOOKMARK [1][-]{section.2}{\376\377\000R\000e\000l\000a\000t\000e\000d\000\040\000W\000o\000r\000k}{}% 6
\BOOKMARK [2][-]{subsection.2.1}{\376\377\000D\000o\000m\000i\000n\000o\000\040\000a\000n\000d\000\040\000T\000i\000l\000e\000\040\000G\000a\000m\000e\000s}{section.2}% 7
\BOOKMARK [2][-]{subsection.2.2}{\376\377\000G\000a\000m\000e\000\040\000A\000I\000\040\000P\000a\000r\000a\000d\000i\000g\000m\000s}{section.2}% 8
\BOOKMARK [2][-]{subsection.2.3}{\376\377\000S\000k\000i\000l\000l\000\040\000R\000a\000t\000i\000n\000g\000\040\000S\000y\000s\000t\000e\000m\000s}{section.2}% 9
\BOOKMARK [2][-]{subsection.2.4}{\376\377\000C\000o\000n\000t\000r\000i\000b\000u\000t\000i\000o\000n\000\040\000R\000e\000l\000a\000t\000i\000v\000e\000\040\000t\000o\000\040\000P\000r\000i\000o\000r\000\040\000W\000o\000r\000k}{section.2}% 10
\BOOKMARK [1][-]{section.3}{\376\377\000G\000a\000m\000e\000\040\000M\000o\000d\000e\000l\000\040\000a\000n\000d\000\040\000R\000u\000l\000e\000s\000\040\000E\000n\000g\000i\000n\000e}{}% 11
\BOOKMARK [2][-]{subsection.3.1}{\376\377\000C\000o\000r\000e\000\040\000M\000e\000x\000i\000c\000a\000n\000\040\000T\000r\000a\000i\000n\000\040\000R\000u\000l\000e\000s}{section.3}% 12
\BOOKMARK [2][-]{subsection.3.2}{\376\377\000I\000m\000p\000l\000e\000m\000e\000n\000t\000a\000t\000i\000o\000n\000\040\000a\000s\000\040\000S\000t\000a\000t\000e\000\040\000M\000a\000c\000h\000i\000n\000e}{section.3}% 13
\BOOKMARK [2][-]{subsection.3.3}{\376\377\000H\000o\000u\000s\000e\000\040\000R\000u\000l\000e\000s\000\040\000a\000n\000d\000\040\000M\000o\000d\000u\000l\000e\000s}{section.3}% 14
\BOOKMARK [2][-]{subsection.3.4}{\376\377\000I\000n\000f\000o\000r\000m\000a\000t\000i\000o\000n\000\040\000S\000t\000r\000u\000c\000t\000u\000r\000e\000\040\000a\000n\000d\000\040\000G\000a\000m\000e\000\040\000C\000o\000m\000p\000l\000e\000x\000i\000t\000y}{section.3}% 15
\BOOKMARK [2][-]{subsection.3.5}{\376\377\000T\000w\000o\000\040\000O\000b\000j\000e\000c\000t\000i\000v\000e\000s\000\040\000a\000s\000\040\000T\000w\000o\000\040\000D\000i\000f\000f\000e\000r\000e\000n\000t\000\040\000G\000a\000m\000e\000s}{section.3}% 16
\BOOKMARK [1][-]{section.4}{\376\377\000A\000g\000e\000n\000t\000\040\000A\000r\000c\000h\000i\000t\000e\000c\000t\000u\000r\000e}{}% 17
\BOOKMARK [2][-]{subsection.4.1}{\376\377\000P\000o\000l\000i\000c\000y\000\040\000S\000t\000a\000c\000k}{section.4}% 18
\BOOKMARK [2][-]{subsection.4.2}{\376\377\000S\000k\000i\000l\000l\000\040\000P\000r\000e\000s\000e\000t\000s\000\040\000\050\000C\000l\000a\000s\000s\000\040\000I\000V\040\023\000I\000I\000\051}{section.4}% 19
\BOOKMARK [2][-]{subsection.4.3}{\376\377\000L\000o\000o\000k\000a\000h\000e\000a\000d\000\040\000P\000o\000l\000i\000c\000y\000\040\000\050\000P\000r\000o\000d\000u\000c\000t\000\040\000D\000e\000c\000i\000s\000i\000o\000n\000\051}{section.4}% 20
\BOOKMARK [2][-]{subsection.4.4}{\376\377\000T\000a\000c\000t\000i\000c\000a\000l\000\040\000A\000d\000v\000i\000s\000o\000r}{section.4}% 21
\BOOKMARK [1][-]{section.5}{\376\377\000T\000E\000I\000\040\000\050\000T\000a\000c\000t\000i\000c\000a\000l\000\040\000E\000f\000f\000e\000c\000t\000i\000v\000e\000n\000e\000s\000s\000\040\000I\000n\000d\000e\000x\000\051}{}% 22
\BOOKMARK [2][-]{subsection.5.1}{\376\377\000B\000a\000y\000e\000s\000i\000a\000n\000\040\000s\000k\000i\000l\000l\000\040\000m\000o\000d\000e\000l}{section.5}% 23
\BOOKMARK [2][-]{subsection.5.2}{\376\377\000R\000e\000f\000e\000r\000e\000n\000c\000e\000\040\000a\000n\000c\000h\000o\000r\000s}{section.5}% 24
\BOOKMARK [2][-]{subsection.5.3}{\376\377\000U\000p\000d\000a\000t\000e\000\040\000r\000u\000l\000e}{section.5}% 25
\BOOKMARK [2][-]{subsection.5.4}{\376\377\000T\000E\000I\000\040\000G\000r\000a\000d\000e\000\040\000d\000i\000s\000p\000l\000a\000y}{section.5}% 26
\BOOKMARK [2][-]{subsection.5.5}{\376\377\000P\000e\000r\000c\000e\000n\000t\000i\000l\000e\000\040\000b\000o\000a\000r\000d\000s}{section.5}% 27
\BOOKMARK [2][-]{subsection.5.6}{\376\377\000F\000e\000d\000e\000r\000a\000t\000i\000o\000n\000\040\000A\000c\000a\000d\000e\000m\000y}{section.5}% 28
\BOOKMARK [1][-]{section.6}{\376\377\000C\000a\000l\000i\000b\000r\000a\000t\000i\000o\000n\000\040\000M\000e\000t\000h\000o\000d\000o\000l\000o\000g\000y}{}% 29
\BOOKMARK [2][-]{subsection.6.1}{\376\377\000S\000e\000l\000f\000-\000P\000l\000a\000y\000\040\000L\000o\000o\000p}{section.6}% 30
\BOOKMARK [2][-]{subsection.6.2}{\376\377\000E\000v\000a\000l\000u\000a\000t\000i\000o\000n\000\040\000S\000u\000i\000t\000e\000s}{section.6}% 31
\BOOKMARK [2][-]{subsection.6.3}{\376\377\000M\000e\000t\000r\000i\000c\000s}{section.6}% 32
\BOOKMARK [1][-]{section.7}{\376\377\000R\000e\000s\000u\000l\000t\000s\000:\000\040\000A\000I\000\040\000C\000a\000l\000i\000b\000r\000a\000t\000i\000o\000n}{}% 33
\BOOKMARK [2][-]{subsection.7.1}{\376\377\000P\000o\000i\000n\000t\000s\000\040\000\050\000D\000e\000f\000a\000u\000l\000t\000\040\000R\000u\000l\000e\000s\000,\000\040\0002\000,\0000\0000\0000\000\040\000g\000a\000m\000e\000s\000/\000m\000a\000t\000c\000h\000u\000p\000\051}{section.7}% 34
\BOOKMARK [2][-]{subsection.7.2}{\376\377\000G\000o\000-\000o\000u\000t}{section.7}% 35
\BOOKMARK [2][-]{subsection.7.3}{\376\377\000C\000l\000a\000s\000s\000\040\000I\000*\000,\000\040\000F\000l\000e\000e\000t\000\040\000A\000d\000m\000i\000r\000a\000l\000,\000\040\000a\000n\000d\000\040\000C\000l\000a\000s\000s\000\040\000\040\000B\000e\000n\000c\000h\000e\000s}{section.7}% 36
\BOOKMARK [1][-]{section.8}{\376\377\000L\000u\000c\000k\000\040\000v\000s\000\040\000S\000k\000i\000l\000l\000\040\000A\000c\000r\000o\000s\000s\000\040\000W\000a\000r\000p\000\040\000F\000a\000c\000t\000o\000r\000s}{}% 37
\BOOKMARK [2][-]{subsection.8.1}{\376\377\000M\000o\000t\000i\000v\000a\000t\000i\000o\000n\000\040\000a\000n\000d\000\040\000C\000o\000n\000f\000i\000g\000u\000r\000a\000t\000i\000o\000n\000\040\000M\000a\000t\000r\000i\000x}{section.8}% 38
\BOOKMARK [2][-]{subsection.8.2}{\376\377\000M\000e\000t\000r\000i\000c\000s\000\040\000a\000n\000d\000\040\000C\000o\000m\000p\000o\000s\000i\000t\000e\000\040\000I\000n\000d\000i\000c\000e\000s}{section.8}% 39
\BOOKMARK [2][-]{subsection.8.3}{\376\377\000H\000y\000p\000o\000t\000h\000e\000s\000e\000s}{section.8}% 40
\BOOKMARK [2][-]{subsection.8.4}{\376\377\000S\000t\000a\000t\000i\000s\000t\000i\000c\000a\000l\000\040\000R\000e\000s\000u\000l\000t\000s}{section.8}% 41
\BOOKMARK [3][-]{subsubsection.8.4.1}{\376\377\000H\0001\000:\000\040\000W\000a\000r\000p\000\040\000F\000a\000c\000t\000o\000r\000\040\000E\000f\000f\000e\000c\000t\000\040\000\050\000A\000N\000O\000V\000A\000\051}{subsection.8.4}% 42
\BOOKMARK [3][-]{subsubsection.8.4.2}{\376\377\000H\0002\000:\000\040\000F\000l\000e\000e\000t\000\040\000S\000i\000z\000e\000\040\000E\000f\000f\000e\000c\000t\000\040\000\050\000C\000o\000r\000r\000e\000l\000a\000t\000i\000o\000n\000\051}{subsection.8.4}% 43
\BOOKMARK [3][-]{subsubsection.8.4.3}{\376\377\000H\0003\000:\000\040\000I\000n\000t\000e\000r\000a\000c\000t\000i\000o\000n\000\040\000E\000f\000f\000e\000c\000t}{subsection.8.4}% 44
\BOOKMARK [3][-]{subsubsection.8.4.4}{\376\377\000H\0004\000:\000\040\000D\000e\000c\000i\000s\000i\000o\000n\000\040\000C\000o\000m\000p\000l\000e\000x\000i\000t\000y\000\040\000v\000s\000\040\000H\000a\000n\000d\000\040\000C\000o\000h\000e\000r\000e\000n\000c\000e}{subsection.8.4}% 45
\BOOKMARK [3][-]{subsubsection.8.4.5}{\376\377\000H\0005\000:\000\040\000M\000o\000n\000o\000t\000o\000n\000i\000c\000\040\000T\000r\000e\000n\000d\000s}{subsection.8.4}% 46
\BOOKMARK [2][-]{subsection.8.5}{\376\377\000K\000e\000y\000\040\000F\000i\000n\000d\000i\000n\000g\000s}{section.8}% 47
\BOOKMARK [3][-]{subsubsection.8.5.1}{\376\377\000W\0001\0008\000/\0001\0008\000p\000\040\000i\000s\000\040\000N\000o\000t\000\040\000a\000\040\000C\000r\000a\000p\000s\000h\000o\000o\000t}{subsection.8.5}% 48
\BOOKMARK [3][-]{subsubsection.8.5.2}{\376\377\000C\000r\000o\000s\000s\000-\000F\000a\000c\000t\000o\000r\000\040\000C\000o\000m\000p\000a\000r\000i\000s\000o\000n\000\040\000a\000t\000\040\000M\000a\000x\000i\000m\000u\000m\000\040\000F\000l\000e\000e\000t\000\040\000S\000i\000z\000e}{subsection.8.5}% 49
\BOOKMARK [3][-]{subsubsection.8.5.3}{\376\377\000W\0001\0002\000\040\000J\000u\000s\000t\000i\000f\000i\000c\000a\000t\000i\000o\000n\000\040\000f\000o\000r\000\040\000T\000E\000I\000\040\000R\000a\000t\000i\000n\000g}{subsection.8.5}% 50
\BOOKMARK [3][-]{subsubsection.8.5.4}{\376\377\000H\000a\000n\000d\000\040\000E\000n\000t\000r\000o\000p\000y\000\040\000I\000n\000c\000r\000e\000a\000s\000e\000s\000\040\000w\000i\000t\000h\000\040\000W\000a\000r\000p\000\040\000F\000a\000c\000t\000o\000r}{subsection.8.5}% 51
\BOOKMARK [3][-]{subsubsection.8.5.5}{\376\377\000D\000e\000c\000i\000s\000i\000o\000n\000\040\000C\000o\000m\000p\000l\000e\000x\000i\000t\000y\000\040\000S\000t\000a\000y\000s\000\040\000C\000o\000n\000s\000t\000a\000n\000t}{subsection.8.5}% 52
\BOOKMARK [2][-]{subsection.8.6}{\376\377\000P\000r\000a\000c\000t\000i\000c\000a\000l\000\040\000I\000m\000p\000l\000i\000c\000a\000t\000i\000o\000n\000s}{section.8}% 53
\BOOKMARK [3][-]{subsubsection.8.6.1}{\376\377\000T\000E\000I\000\040\000C\000a\000l\000i\000b\000r\000a\000t\000i\000o\000n\000\040\000S\000t\000r\000a\000t\000e\000g\000y}{subsection.8.6}% 54
\BOOKMARK [3][-]{subsubsection.8.6.2}{\376\377\000F\000u\000t\000u\000r\000e\000\040\000E\000x\000h\000i\000b\000i\000t\000i\000o\000n\000\040\000M\000o\000d\000e\000s}{subsection.8.6}% 55
\BOOKMARK [3][-]{subsubsection.8.6.3}{\376\377\000G\000o\000-\000O\000u\000t\000\040\000O\000b\000j\000e\000c\000t\000i\000v\000e}{subsection.8.6}% 56
\BOOKMARK [1][-]{section.9}{\376\377\000M\000o\000d\000u\000l\000e\000\040\000B\000a\000l\000a\000n\000c\000e\000\040\000\050\000P\000o\000i\000n\000t\000s\000\051\000:\000\040\000A\000\040\0002\0007\0004\000,\0005\0000\0000\000-\000G\000a\000m\000e\000\040\000C\000o\000m\000p\000e\000t\000i\000t\000i\000v\000e\000-\000I\000n\000t\000e\000g\000r\000i\000t\000y\000\040\000S\000t\000u\000d\000y}{}% 57
\BOOKMARK [2][-]{subsection.9.1}{\376\377\000D\000e\000s\000i\000g\000n\000\040\000q\000u\000e\000s\000t\000i\000o\000n\000s}{section.9}% 58
\BOOKMARK [2][-]{subsection.9.2}{\376\377\000M\000e\000t\000h\000o\000d}{section.9}% 59
\BOOKMARK [2][-]{subsection.9.3}{\376\377\000R\000e\000s\000u\000l\000t\000s\000:\000\040\000m\000o\000s\000t\000\040\000m\000o\000d\000u\000l\000e\000s\000\040\000p\000r\000e\000s\000e\000r\000v\000e\000\040\000t\000h\000e\000\040\000c\000e\000i\000l\000i\000n\000g}{section.9}% 60
\BOOKMARK [2][-]{subsection.9.4}{\376\377\000T\000h\000e\000\040\000d\000r\000a\000f\000t\000i\000n\000g\000\040\000p\000a\000r\000a\000d\000o\000x\000:\000\040\000E\000p\000s\000i\000l\000o\000n\000\040\000a\000s\000\040\000a\000\040\000p\000a\000r\000t\000y\000\040\000m\000o\000d\000u\000l\000e}{section.9}% 61
\BOOKMARK [2][-]{subsection.9.5}{\376\377\000I\000o\000t\000a\000\040\000a\000n\000d\000\040\000o\000u\000t\000c\000o\000m\000e\000\040\000m\000i\000x}{section.9}% 62
\BOOKMARK [2][-]{subsection.9.6}{\376\377\000Z\000e\000t\000a\000:\000\040\000s\000k\000i\000l\000l\000f\000u\000l\000\040\000t\000e\000a\000m\000\040\000p\000l\000a\000y\000,\000\040\000S\000q\000u\000a\000d\000r\000o\000n\000\040\000T\000E\000I\000\040\000\050\000n\000e\000v\000e\000r\000\040\000F\000F\000A\000\051}{section.9}% 63
\BOOKMARK [2][-]{subsection.9.7}{\376\377\000P\000r\000o\000d\000u\000c\000t\000\040\000r\000e\000c\000o\000m\000m\000e\000n\000d\000a\000t\000i\000o\000n\000s}{section.9}% 64
\BOOKMARK [1][-]{section.10}{\376\377\000G\000o\000-\000o\000u\000t\000\040\000M\000o\000d\000u\000l\000e\000\040\000B\000a\000l\000a\000n\000c\000e\000:\000\040\000A\000\040\000S\000e\000p\000a\000r\000a\000t\000e\000\040\0002\0005\0005\000,\0005\0000\0000\000-\000G\000a\000m\000e\000\040\000I\000n\000s\000t\000r\000u\000m\000e\000n\000t}{}% 65
\BOOKMARK [2][-]{subsection.10.1}{\376\377\000M\000e\000t\000h\000o\000d\000\040\000\050\000g\000o\000-\000o\000u\000t\000\051}{section.10}% 66
\BOOKMARK [2][-]{subsection.10.2}{\376\377\000R\000e\000s\000u\000l\000t\000s\000\040\000\050\000g\000o\000-\000o\000u\000t\000\051}{section.10}% 67
\BOOKMARK [2][-]{subsection.10.3}{\376\377\000D\000e\000l\000i\000b\000e\000r\000a\000t\000e\000\040\000c\000o\000n\000t\000r\000a\000s\000t\000:\000\040\000s\000h\000a\000r\000e\000d\000\040\000m\000o\000d\000u\000l\000e\000\040\000I\000D\000s\000\040\000o\000n\000l\000y}{section.10}% 68
\BOOKMARK [1][-]{section.11}{\376\377\000D\000i\000s\000c\000u\000s\000s\000i\000o\000n}{}% 69
\BOOKMARK [2][-]{subsection.11.1}{\376\377\000W\000h\000a\000t\000\040\000C\000a\000l\000i\000b\000r\000a\000t\000i\000o\000n\000\040\000T\000e\000a\000c\000h\000e\000s}{section.11}% 70
\BOOKMARK [2][-]{subsection.11.2}{\376\377\000D\000e\000s\000i\000g\000n\000\040\000R\000e\000c\000o\000m\000m\000e\000n\000d\000a\000t\000i\000o\000n\000s}{section.11}% 71
\BOOKMARK [2][-]{subsection.11.3}{\376\377\000L\000i\000m\000i\000t\000a\000t\000i\000o\000n\000s}{section.11}% 72
\BOOKMARK [1][-]{section.12}{\376\377\000C\000o\000n\000c\000l\000u\000s\000i\000o\000n}{}% 73
\BOOKMARK [1][-]{appendix.A}{\376\377\000F\000i\000g\000u\000r\000e\000\040\000L\000i\000s\000t}{}% 74
\BOOKMARK [1][-]{appendix.B}{\376\377\000T\000a\000b\000l\000e\000s}{}% 75
\BOOKMARK [1][-]{appendix.C}{\376\377\000C\000o\000d\000e\000\040\000M\000a\000p}{}% 76
\BOOKMARK [1][-]{appendix.D}{\376\377\000R\000e\000p\000r\000o\000d\000u\000c\000i\000b\000i\000l\000i\000t\000y}{}% 77
\BOOKMARK [2][-]{subsection.D.1}{\376\377\000S\000e\000l\000f\000-\000P\000l\000a\000y\000\040\000C\000a\000l\000i\000b\000r\000a\000t\000i\000o\000n}{appendix.D}% 78
\BOOKMARK [2][-]{subsection.D.2}{\376\377\000F\000l\000e\000e\000t\000\040\000A\000d\000m\000i\000r\000a\000l\000\040\000B\000e\000n\000c\000h\000m\000a\000r\000k\000s}{appendix.D}% 79
\BOOKMARK [2][-]{subsection.D.3}{\376\377\000C\000l\000a\000s\000s\000\040\000I\000*\000\040\000T\000r\000a\000i\000n\000i\000n\000g}{appendix.D}% 80
\BOOKMARK [2][-]{subsection.D.4}{\376\377\000S\000k\000i\000l\000l\000/\000L\000u\000c\000k\000\040\000a\000n\000d\000\040\000M\000o\000d\000u\000l\000e\000\040\000M\000a\000t\000r\000i\000c\000e\000s\000\040\000\050\000p\000o\000i\000n\000t\000s\000\040\000+\000\040\000g\000o\000-\000o\000u\000t\000,\000\040\000s\000e\000p\000a\000r\000a\000t\000e\000\051}{appendix.D}% 81
\BOOKMARK [1][-]{appendix.E}{\376\377\000T\000a\000r\000g\000e\000t\000\040\000V\000e\000n\000u\000e\000s}{}% 82
